<?xml version="1.0" encoding="UTF-8"?>
<!-- Generated by org.testng.reporters.JUnitReportReporter -->
<testsuite hostname="BLRL77982" name="com.learnautomation.testcases.LoginTestCRM" tests="1" failures="0" timestamp="18 Aug 2019 07:31:47 GMT" time="24.828" errors="0">
  <testcase name="loginApp" time="24.828" classname="com.learnautomation.testcases.LoginTestCRM"/>
</testsuite> <!-- com.learnautomation.testcases.LoginTestCRM -->
